000 (250955.005.000) 2024-04-18 10:04:44 Job submitted from host: <128.104.100.148:9618?addrs=128.104.100.148-9618+[2607-f388-107c-501-216-3eff-feb2-bc11]-9618&alias=learn.chtc.wisc.edu&noUDP&sock=schedd_1351356_64bc>
...
040 (250955.005.000) 2024-04-18 10:12:59 Started transferring input files
	Transferring to host: <128.105.68.166:9618?addrs=128.105.68.166-9618+[2607-f388-2200-100-b62e-99ff-feb7-2e2d]-9618&alias=gpulab2001.chtc.wisc.edu&noUDP&sock=slot1_4_11455_d56b_86040>
...
040 (250955.005.000) 2024-04-18 10:19:41 Finished transferring input files
...
001 (250955.005.000) 2024-04-18 10:19:42 Job executing on host: <128.105.68.166:9618?addrs=128.105.68.166-9618+[2607-f388-2200-100-b62e-99ff-feb7-2e2d]-9618&alias=gpulab2001.chtc.wisc.edu&noUDP&sock=startd_11105_af4f>
	SlotName: slot1_4@gpulab2001.chtc.wisc.edu
	AvailableGPUs = { GPUs_GPU_112d9b26,GPUs_GPU_d298c6e0 }
	CondorScratchDir = "/var/lib/condor/execute/slot1/dir_4055176"
	Cpus = 1
	Disk = 57728099
	GPUs = 2
	GPUs_GPU_112d9b26 = [ Id = "GPU-112d9b26"; Capability = 7.5; DeviceName = "NVIDIA GeForce RTX 2080 Ti"; DeviceUuid = "112d9b26-7563-b29a-d24d-cd6784a98555"; ECCEnabled = false; DriverVersion = 12.4; DevicePciBusId = "0000:61:00.0"; GlobalMemoryMb = 11004; MaxSupportedVersion = 12040 ]
	GPUs_GPU_d298c6e0 = [ Id = "GPU-d298c6e0"; Capability = 7.5; DeviceName = "NVIDIA GeForce RTX 2080 Ti"; DeviceUuid = "d298c6e0-f149-30ca-b7d6-2d5f7637ee2c"; ECCEnabled = false; DriverVersion = 12.4; DevicePciBusId = "0000:B1:00.0"; GlobalMemoryMb = 11004; MaxSupportedVersion = 12040 ]
	IoHeavy = 0
	Memory = 40960
...
006 (250955.005.000) 2024-04-18 10:19:50 Image size of job updated: 1109224
	1084  -  MemoryUsage of job (MB)
	1109188  -  ResidentSetSize of job (KB)
...
006 (250955.005.000) 2024-04-18 10:21:42 Image size of job updated: 19383100
	18362  -  MemoryUsage of job (MB)
	18801708  -  ResidentSetSize of job (KB)
...
040 (250955.005.000) 2024-04-18 10:21:43 Started transferring output files
...
040 (250955.005.000) 2024-04-18 10:21:43 Finished transferring output files
...
005 (250955.005.000) 2024-04-18 10:21:43 Job terminated.
	(1) Normal termination (return value 0)
		Usr 0 00:01:43, Sys 0 00:00:28  -  Run Remote Usage
		Usr 0 00:00:00, Sys 0 00:00:00  -  Run Local Usage
		Usr 0 00:01:43, Sys 0 00:00:28  -  Total Remote Usage
		Usr 0 00:00:00, Sys 0 00:00:00  -  Total Local Usage
	510  -  Run Bytes Sent By Job
	16019879936  -  Run Bytes Received By Job
	510  -  Total Bytes Sent By Job
	16019879936  -  Total Bytes Received By Job
	Partitionable Resources :       Usage  Request Allocated Assigned
	   Cpus                 :        1.12        1         1 
	   Disk (KB)            : 33811788    52428800  57728099 
	   GPUs                 :                    2         2 "GPU-112d9b26,GPU-d298c6e0"
	   GpusMemory (MB)      :      264                       
	   IoHeavy              :                              0 
	   Memory (MB)          :    18362       40960     40960 
	   TimeExecute (s)      :      120                       
	   TimeSlotBusy (s)     :      524                       

	Job terminated of its own accord at 2024-04-18T15:21:42Z with exit-code 0.
...
