000 (250955.000.000) 2024-04-18 10:04:44 Job submitted from host: <128.104.100.148:9618?addrs=128.104.100.148-9618+[2607-f388-107c-501-216-3eff-feb2-bc11]-9618&alias=learn.chtc.wisc.edu&noUDP&sock=schedd_1351356_64bc>
...
040 (250955.000.000) 2024-04-18 10:04:58 Started transferring input files
	Transferring to host: <128.105.68.117:9618?addrs=128.105.68.117-9618+[2607-f388-2200-100-7ec2-55ff-fe9a-b4fa]-9618&alias=gpu4000.chtc.wisc.edu&noUDP&sock=slot1_3_2823490_e139_819>
...
040 (250955.000.000) 2024-04-18 10:12:03 Finished transferring input files
...
001 (250955.000.000) 2024-04-18 10:12:04 Job executing on host: <128.105.68.117:9618?addrs=128.105.68.117-9618+[2607-f388-2200-100-7ec2-55ff-fe9a-b4fa]-9618&alias=gpu4000.chtc.wisc.edu&noUDP&sock=startd_9579_f9c9>
	SlotName: slot1_3@gpu4000.chtc.wisc.edu
	AvailableGPUs = { GPUs_GPU_284395df,GPUs_GPU_884cf7fc }
	CondorScratchDir = "/var/lib/condor/execute/slot1/dir_3198364"
	Cpus = 1
	Disk = 52442036
	GPUs = 2
	GPUs_GPU_284395df = [ Id = "GPU-284395df"; Capability = 8.9; DeviceName = "NVIDIA L40"; DeviceUuid = "284395df-2c02-d299-0fc2-53dbe2996594"; ECCEnabled = true; DriverVersion = 12.4; DevicePciBusId = "0000:53:00.0"; GlobalMemoryMb = 45373; MaxSupportedVersion = 12040 ]
	GPUs_GPU_884cf7fc = [ Id = "GPU-884cf7fc"; Capability = 8.9; DeviceName = "NVIDIA L40"; DeviceUuid = "884cf7fc-eee7-e5a3-b686-b605e807854a"; ECCEnabled = true; DriverVersion = 12.4; DevicePciBusId = "0000:56:00.0"; GlobalMemoryMb = 45373; MaxSupportedVersion = 12040 ]
	IoHeavy = 0
	Memory = 40960
...
006 (250955.000.000) 2024-04-18 10:12:12 Image size of job updated: 1483624
	1449  -  MemoryUsage of job (MB)
	1483608  -  ResidentSetSize of job (KB)
...
006 (250955.000.000) 2024-04-18 10:13:07 Image size of job updated: 19363460
	18375  -  MemoryUsage of job (MB)
	18815752  -  ResidentSetSize of job (KB)
...
040 (250955.000.000) 2024-04-18 10:13:07 Started transferring output files
...
040 (250955.000.000) 2024-04-18 10:13:07 Finished transferring output files
...
005 (250955.000.000) 2024-04-18 10:13:08 Job terminated.
	(1) Normal termination (return value 0)
		Usr 0 00:00:54, Sys 0 00:00:18  -  Run Remote Usage
		Usr 0 00:00:00, Sys 0 00:00:00  -  Run Local Usage
		Usr 0 00:00:54, Sys 0 00:00:18  -  Total Remote Usage
		Usr 0 00:00:00, Sys 0 00:00:00  -  Total Local Usage
	703  -  Run Bytes Sent By Job
	16019879936  -  Run Bytes Received By Job
	703  -  Total Bytes Sent By Job
	16019879936  -  Total Bytes Received By Job
	Partitionable Resources :       Usage  Request Allocated Assigned
	   Cpus                 :        0.14        1         1 
	   Disk (KB)            : 33811788    52428800  52442036 
	   GPUs                 :        0.00        2         2 "GPU-284395df,GPU-884cf7fc"
	   GpusMemory (MB)      :      699                       
	   IoHeavy              :                              0 
	   Memory (MB)          :    18375       40960     40960 
	   TimeExecute (s)      :       63                       
	   TimeSlotBusy (s)     :      490                       

	Job terminated of its own accord at 2024-04-18T15:13:07Z with exit-code 0.
...
