000 (250397.002.000) 2024-04-17 10:08:48 Job submitted from host: <128.104.100.148:9618?addrs=128.104.100.148-9618+[2607-f388-107c-501-216-3eff-feb2-bc11]-9618&alias=learn.chtc.wisc.edu&noUDP&sock=schedd_1351356_64bc>
...
040 (250397.002.000) 2024-04-17 10:44:18 Started transferring input files
	Transferring to host: <128.105.68.117:9618?addrs=128.105.68.117-9618+[2607-f388-2200-100-7ec2-55ff-fe9a-b4fa]-9618&alias=gpu4000.chtc.wisc.edu&noUDP&sock=slot1_3_2102701_d2db_147982>
...
040 (250397.002.000) 2024-04-17 10:50:57 Finished transferring input files
...
001 (250397.002.000) 2024-04-17 10:50:58 Job executing on host: <128.105.68.117:9618?addrs=128.105.68.117-9618+[2607-f388-2200-100-7ec2-55ff-fe9a-b4fa]-9618&alias=gpu4000.chtc.wisc.edu&noUDP&sock=startd_9579_f9c9>
	SlotName: slot1_3@gpu4000.chtc.wisc.edu
	AvailableGPUs = { GPUs_GPU_284395df,GPUs_GPU_e4eb8534 }
	CondorScratchDir = "/var/lib/condor/execute/slot1/dir_2493722"
	Cpus = 1
	Disk = 66307403
	GPUs = 2
	GPUs_GPU_284395df = [ Id = "GPU-284395df"; Capability = 8.9; DeviceName = "NVIDIA L40"; DeviceUuid = "284395df-2c02-d299-0fc2-53dbe2996594"; ECCEnabled = true; DriverVersion = 12.4; DevicePciBusId = "0000:53:00.0"; GlobalMemoryMb = 45373; MaxSupportedVersion = 12040 ]
	GPUs_GPU_e4eb8534 = [ Id = "GPU-e4eb8534"; Capability = 8.9; DeviceName = "NVIDIA L40"; DeviceUuid = "e4eb8534-e278-b315-1ad8-eae652e0b0ab"; ECCEnabled = true; DriverVersion = 12.4; DevicePciBusId = "0000:D1:00.0"; GlobalMemoryMb = 45373; MaxSupportedVersion = 12040 ]
	IoHeavy = 0
	Memory = 40960
...
006 (250397.002.000) 2024-04-17 10:51:07 Image size of job updated: 1115868
	1090  -  MemoryUsage of job (MB)
	1115800  -  ResidentSetSize of job (KB)
...
006 (250397.002.000) 2024-04-17 10:56:08 Image size of job updated: 33404376
	32611  -  MemoryUsage of job (MB)
	33393384  -  ResidentSetSize of job (KB)
...
006 (250397.002.000) 2024-04-17 11:01:09 Image size of job updated: 33480124
	32678  -  MemoryUsage of job (MB)
	33461380  -  ResidentSetSize of job (KB)
...
006 (250397.002.000) 2024-04-17 11:06:09 Image size of job updated: 33490740
	32700  -  MemoryUsage of job (MB)
	33484408  -  ResidentSetSize of job (KB)
...
006 (250397.002.000) 2024-04-17 11:11:09 Image size of job updated: 33499752
	32700  -  MemoryUsage of job (MB)
	33484408  -  ResidentSetSize of job (KB)
...
006 (250397.002.000) 2024-04-17 11:16:09 Image size of job updated: 33499752
	32703  -  MemoryUsage of job (MB)
	33486956  -  ResidentSetSize of job (KB)
...
006 (250397.002.000) 2024-04-17 11:21:10 Image size of job updated: 33522504
	32704  -  MemoryUsage of job (MB)
	33488768  -  ResidentSetSize of job (KB)
...
040 (250397.002.000) 2024-04-17 11:35:20 Started transferring output files
...
040 (250397.002.000) 2024-04-17 11:35:20 Finished transferring output files
...
005 (250397.002.000) 2024-04-17 11:35:21 Job terminated.
	(1) Normal termination (return value 0)
		Usr 0 01:24:58, Sys 0 00:32:32  -  Run Remote Usage
		Usr 0 00:00:00, Sys 0 00:00:00  -  Run Local Usage
		Usr 0 01:24:58, Sys 0 00:32:32  -  Total Remote Usage
		Usr 0 00:00:00, Sys 0 00:00:00  -  Total Local Usage
	21759228  -  Run Bytes Sent By Job
	15796412416  -  Run Bytes Received By Job
	21759228  -  Total Bytes Sent By Job
	15796412416  -  Total Bytes Received By Job
	Partitionable Resources :       Usage  Request Allocated Assigned
	   Cpus                 :        3.40        1         1 
	   Disk (KB)            : 33614856    52428800  66307403 
	   GPUs                 :       39.04        2         2 "GPU-284395df,GPU-e4eb8534"
	   GpusMemory (MB)      :      699                       
	   IoHeavy              :                              0 
	   Memory (MB)          :    32704       40960     40960 
	   TimeExecute (s)      :     2662                       
	   TimeSlotBusy (s)     :     3063                       

	Job terminated of its own accord at 2024-04-17T16:35:20Z with exit-code 0.
...
