000 (250936.002.000) 2024-04-18 09:31:50 Job submitted from host: <128.104.100.148:9618?addrs=128.104.100.148-9618+[2607-f388-107c-501-216-3eff-feb2-bc11]-9618&alias=learn.chtc.wisc.edu&noUDP&sock=schedd_1351356_64bc>
...
040 (250936.002.000) 2024-04-18 09:31:59 Started transferring input files
	Transferring to host: <128.105.68.97:9618?addrs=128.105.68.97-9618+[2607-f388-2200-100-ac0-ebff-fe99-a130]-9618&alias=gpu2005.chtc.wisc.edu&noUDP&sock=slot1_1_856100_a576_219417>
...
040 (250936.002.000) 2024-04-18 09:38:56 Finished transferring input files
...
001 (250936.002.000) 2024-04-18 09:38:57 Job executing on host: <128.105.68.97:9618?addrs=128.105.68.97-9618+[2607-f388-2200-100-ac0-ebff-fe99-a130]-9618&alias=gpu2005.chtc.wisc.edu&noUDP&sock=startd_14307_fd8f>
	SlotName: slot1_1@gpu2005.chtc.wisc.edu
	AvailableGPUs = { GPUs_GPU_516b29b8,GPUs_GPU_0d4d3af1 }
	CondorScratchDir = "/var/lib/condor/execute/slot1/dir_2647522"
	Cpus = 1
	Disk = 55092286
	GPUs = 2
	GPUs_GPU_0d4d3af1 = [ Id = "GPU-0d4d3af1"; Capability = 8.0; DeviceName = "NVIDIA A100-SXM4-80GB"; DeviceUuid = "0d4d3af1-99c4-a9cb-74fd-717e5d2ac405"; ECCEnabled = true; DriverVersion = 12.4; DevicePciBusId = "0000:41:00.0"; GlobalMemoryMb = 81222; MaxSupportedVersion = 12040 ]
	GPUs_GPU_516b29b8 = [ Id = "GPU-516b29b8"; Capability = 8.0; DeviceName = "NVIDIA A100-SXM4-80GB"; DeviceUuid = "516b29b8-8650-46a3-00d3-227be0325a4f"; ECCEnabled = true; DriverVersion = 12.4; DevicePciBusId = "0000:01:00.0"; GlobalMemoryMb = 81222; MaxSupportedVersion = 12040 ]
	IoHeavy = 0
	Memory = 40960
...
006 (250936.002.000) 2024-04-18 09:39:05 Image size of job updated: 1633400
	1596  -  MemoryUsage of job (MB)
	1633400  -  ResidentSetSize of job (KB)
...
006 (250936.002.000) 2024-04-18 09:40:05 Image size of job updated: 20638984
	18495  -  MemoryUsage of job (MB)
	18938104  -  ResidentSetSize of job (KB)
...
040 (250936.002.000) 2024-04-18 09:40:05 Started transferring output files
...
040 (250936.002.000) 2024-04-18 09:40:05 Finished transferring output files
...
005 (250936.002.000) 2024-04-18 09:40:05 Job terminated.
	(1) Normal termination (return value 1)
		Usr 0 00:01:02, Sys 0 00:00:22  -  Run Remote Usage
		Usr 0 00:00:00, Sys 0 00:00:00  -  Run Local Usage
		Usr 0 00:01:02, Sys 0 00:00:22  -  Total Remote Usage
		Usr 0 00:00:00, Sys 0 00:00:00  -  Total Local Usage
	1057  -  Run Bytes Sent By Job
	16019879936  -  Run Bytes Received By Job
	1057  -  Total Bytes Sent By Job
	16019879936  -  Total Bytes Received By Job
	Partitionable Resources :       Usage  Request Allocated Assigned
	   Cpus                 :        0.12        1         1 
	   Disk (KB)            : 33811788    52428800  55092286 
	   GPUs                 :                    2         2 "GPU-516b29b8,GPU-0d4d3af1"
	   GpusMemory (MB)      :     3719                       
	   IoHeavy              :                              0 
	   Memory (MB)          :    18495       40960     40960 
	   TimeExecute (s)      :       68                       
	   TimeSlotBusy (s)     :      486                       

	Job terminated of its own accord at 2024-04-18T14:40:05Z with exit-code 1.
...
