000 (250682.007.000) 2024-04-17 21:08:19 Job submitted from host: <128.104.100.148:9618?addrs=128.104.100.148-9618+[2607-f388-107c-501-216-3eff-feb2-bc11]-9618&alias=learn.chtc.wisc.edu&noUDP&sock=schedd_1351356_64bc>
...
040 (250682.007.000) 2024-04-17 23:53:33 Started transferring input files
	Transferring to host: <128.105.68.116:9618?addrs=128.105.68.116-9618+[2607-f388-2200-100-7ec2-55ff-fe99-a36a]-9618&alias=gpu4001.chtc.wisc.edu&noUDP&sock=slot1_3_767029_11b0_204847>
...
040 (250682.007.000) 2024-04-18 00:01:33 Finished transferring input files
...
001 (250682.007.000) 2024-04-18 00:01:34 Job executing on host: <128.105.68.116:9618?addrs=128.105.68.116-9618+[2607-f388-2200-100-7ec2-55ff-fe99-a36a]-9618&alias=gpu4001.chtc.wisc.edu&noUDP&sock=startd_11150_8d12>
	SlotName: slot1_3@gpu4001.chtc.wisc.edu
	AvailableGPUs = { GPUs_GPU_32900525,GPUs_GPU_df6838ac }
	CondorScratchDir = "/var/lib/condor/execute/slot1/dir_1442784"
	Cpus = 1
	Disk = 66307403
	GPUs = 2
	GPUs_GPU_32900525 = [ Id = "GPU-32900525"; Capability = 8.9; DeviceName = "NVIDIA L40"; DeviceUuid = "32900525-1eae-eaba-ba71-a80ad7c6ec19"; ECCEnabled = true; DriverVersion = 12.4; DevicePciBusId = "0000:53:00.0"; GlobalMemoryMb = 45373; MaxSupportedVersion = 12040 ]
	GPUs_GPU_df6838ac = [ Id = "GPU-df6838ac"; Capability = 8.9; DeviceName = "NVIDIA L40"; DeviceUuid = "df6838ac-0da1-d183-3fb6-0e9b9cbc4f8d"; ECCEnabled = true; DriverVersion = 12.4; DevicePciBusId = "0000:57:00.0"; GlobalMemoryMb = 45373; MaxSupportedVersion = 12040 ]
	IoHeavy = 0
	Memory = 40960
...
006 (250682.007.000) 2024-04-18 00:01:42 Image size of job updated: 1428208
	1395  -  MemoryUsage of job (MB)
	1428036  -  ResidentSetSize of job (KB)
...
006 (250682.007.000) 2024-04-18 00:06:42 Image size of job updated: 31285752
	28931  -  MemoryUsage of job (MB)
	29625216  -  ResidentSetSize of job (KB)
...
006 (250682.007.000) 2024-04-18 00:11:43 Image size of job updated: 31285752
	28931  -  MemoryUsage of job (MB)
	29625248  -  ResidentSetSize of job (KB)
...
040 (250682.007.000) 2024-04-18 03:30:10 Started transferring output files
...
040 (250682.007.000) 2024-04-18 03:30:11 Finished transferring output files
...
005 (250682.007.000) 2024-04-18 03:30:12 Job terminated.
	(1) Normal termination (return value 0)
		Usr 0 03:52:04, Sys 0 00:45:48  -  Run Remote Usage
		Usr 0 00:00:00, Sys 0 00:00:00  -  Run Local Usage
		Usr 0 03:52:04, Sys 0 00:45:48  -  Total Remote Usage
		Usr 0 00:00:00, Sys 0 00:00:00  -  Total Local Usage
	44831676  -  Run Bytes Sent By Job
	15796412416  -  Run Bytes Received By Job
	44831676  -  Total Bytes Sent By Job
	15796412416  -  Total Bytes Received By Job
	Partitionable Resources :       Usage  Request Allocated Assigned
	   Cpus                 :        1.75        1         1 
	   Disk (KB)            : 33637388    52428800  66307403 
	   GPUs                 :        0.79        2         2 "GPU-32900525,GPU-df6838ac"
	   GpusMemory (MB)      :      699                       
	   IoHeavy              :                              0 
	   Memory (MB)          :    28931       40960     40960 
	   TimeExecute (s)      :    12516                       
	   TimeSlotBusy (s)     :    12999                       

	Job terminated of its own accord at 2024-04-18T08:30:10Z with exit-code 0.
...
