000 (250955.003.000) 2024-04-18 10:04:44 Job submitted from host: <128.104.100.148:9618?addrs=128.104.100.148-9618+[2607-f388-107c-501-216-3eff-feb2-bc11]-9618&alias=learn.chtc.wisc.edu&noUDP&sock=schedd_1351356_64bc>
...
040 (250955.003.000) 2024-04-18 10:04:59 Started transferring input files
	Transferring to host: <128.105.68.101:9618?addrs=128.105.68.101-9618+[2607-f388-2200-100-1270-fdff-fe73-97d6]-9618&alias=gpu2009.chtc.wisc.edu&noUDP&sock=slot1_2_327633_d664_181111>
...
040 (250955.003.000) 2024-04-18 10:11:59 Finished transferring input files
...
001 (250955.003.000) 2024-04-18 10:12:00 Job executing on host: <128.105.68.101:9618?addrs=128.105.68.101-9618+[2607-f388-2200-100-1270-fdff-fe73-97d6]-9618&alias=gpu2009.chtc.wisc.edu&noUDP&sock=startd_13743_2225>
	SlotName: slot1_2@gpu2009.chtc.wisc.edu
	AvailableGPUs = { GPUs_GPU_07c303b2,GPUs_GPU_ca0657f5 }
	CondorScratchDir = "/var/lib/condor/execute/slot1/dir_415565"
	Cpus = 1
	Disk = 58317008
	GPUs = 2
	GPUs_GPU_07c303b2 = [ Id = "GPU-07c303b2"; Capability = 8.0; DeviceName = "NVIDIA A100-SXM4-80GB"; DeviceUuid = "07c303b2-26b2-4bc7-fbf1-94800154bb1a"; ECCEnabled = true; DriverVersion = 12.4; DevicePciBusId = "0000:41:00.0"; GlobalMemoryMb = 81222; MaxSupportedVersion = 12040 ]
	GPUs_GPU_ca0657f5 = [ Id = "GPU-ca0657f5"; Capability = 8.0; DeviceName = "NVIDIA A100-SXM4-80GB"; DeviceUuid = "ca0657f5-b70c-d0e4-3726-6b51b21f28cc"; ECCEnabled = true; DriverVersion = 12.4; DevicePciBusId = "0000:81:00.0"; GlobalMemoryMb = 81222; MaxSupportedVersion = 12040 ]
	IoHeavy = 0
	Memory = 40960
...
006 (250955.003.000) 2024-04-18 10:12:09 Image size of job updated: 1818340
	1776  -  MemoryUsage of job (MB)
	1818232  -  ResidentSetSize of job (KB)
...
006 (250955.003.000) 2024-04-18 10:13:05 Image size of job updated: 20447820
	18364  -  MemoryUsage of job (MB)
	18803760  -  ResidentSetSize of job (KB)
...
040 (250955.003.000) 2024-04-18 10:13:06 Started transferring output files
...
040 (250955.003.000) 2024-04-18 10:13:06 Finished transferring output files
...
005 (250955.003.000) 2024-04-18 10:13:06 Job terminated.
	(1) Normal termination (return value 0)
		Usr 0 00:01:01, Sys 0 00:00:22  -  Run Remote Usage
		Usr 0 00:00:00, Sys 0 00:00:00  -  Run Local Usage
		Usr 0 00:01:01, Sys 0 00:00:22  -  Total Remote Usage
		Usr 0 00:00:00, Sys 0 00:00:00  -  Total Local Usage
	511  -  Run Bytes Sent By Job
	16019879936  -  Run Bytes Received By Job
	511  -  Total Bytes Sent By Job
	16019879936  -  Total Bytes Received By Job
	Partitionable Resources :       Usage  Request Allocated Assigned
	   Cpus                 :        1.13        1         1 
	   Disk (KB)            : 33811788    52428800  58317008 
	   GPUs                 :                    2         2 "GPU-07c303b2,GPU-ca0657f5"
	   GpusMemory (MB)      :      703                       
	   IoHeavy              :                              0 
	   Memory (MB)          :    18364       40960     40960 
	   TimeExecute (s)      :       65                       
	   TimeSlotBusy (s)     :      487                       

	Job terminated of its own accord at 2024-04-18T15:13:05Z with exit-code 0.
...
