000 (250955.006.000) 2024-04-18 10:04:44 Job submitted from host: <128.104.100.148:9618?addrs=128.104.100.148-9618+[2607-f388-107c-501-216-3eff-feb2-bc11]-9618&alias=learn.chtc.wisc.edu&noUDP&sock=schedd_1351356_64bc>
...
040 (250955.006.000) 2024-04-18 10:13:15 Started transferring input files
	Transferring to host: <128.104.103.48:9618?addrs=128.104.103.48-9618+[2607-f388-107c-501-ae1f-6bff-fe2c-2f00]-9618&alias=vetsigian0001.chtc.wisc.edu&noUDP&sock=slot1_2_11412_8949_28729>
...
040 (250955.006.000) 2024-04-18 10:23:28 Finished transferring input files
...
001 (250955.006.000) 2024-04-18 10:23:29 Job executing on host: <128.104.103.48:9618?addrs=128.104.103.48-9618+[2607-f388-107c-501-ae1f-6bff-fe2c-2f00]-9618&alias=vetsigian0001.chtc.wisc.edu&noUDP&sock=startd_11061_8124>
	SlotName: slot1_2@vetsigian0001.chtc.wisc.edu
	AvailableGPUs = { GPUs_GPU_c60845c2,GPUs_GPU_a2d98c30 }
	CondorScratchDir = "/var/lib/condor/execute/slot1/dir_2892952"
	Cpus = 1
	Disk = 56077985
	GPUs = 2
	GPUs_GPU_a2d98c30 = [ Id = "GPU-a2d98c30"; Capability = 7.5; DeviceName = "NVIDIA GeForce RTX 2080 Ti"; DeviceUuid = "a2d98c30-a687-6d65-26dc-3e29e88308b6"; ECCEnabled = false; DriverVersion = 12.4; DevicePciBusId = "0000:3D:00.0"; GlobalMemoryMb = 11004; MaxSupportedVersion = 12040 ]
	GPUs_GPU_c60845c2 = [ Id = "GPU-c60845c2"; Capability = 7.5; DeviceName = "NVIDIA GeForce RTX 2080 Ti"; DeviceUuid = "c60845c2-17b0-17df-2cc6-44f05353ae1e"; ECCEnabled = false; DriverVersion = 12.4; DevicePciBusId = "0000:1B:00.0"; GlobalMemoryMb = 11004; MaxSupportedVersion = 12040 ]
	IoHeavy = 0
	Memory = 40960
...
006 (250955.006.000) 2024-04-18 10:23:38 Image size of job updated: 307140
	300  -  MemoryUsage of job (MB)
	307124  -  ResidentSetSize of job (KB)
...
006 (250955.006.000) 2024-04-18 10:28:39 Image size of job updated: 15219304
	14863  -  MemoryUsage of job (MB)
	15219304  -  ResidentSetSize of job (KB)
...
006 (250955.006.000) 2024-04-18 10:31:11 Image size of job updated: 20542604
	18365  -  MemoryUsage of job (MB)
	18805452  -  ResidentSetSize of job (KB)
...
040 (250955.006.000) 2024-04-18 10:31:11 Started transferring output files
...
040 (250955.006.000) 2024-04-18 10:31:11 Finished transferring output files
...
005 (250955.006.000) 2024-04-18 10:31:12 Job terminated.
	(1) Normal termination (return value 0)
		Usr 0 00:02:52, Sys 0 00:00:44  -  Run Remote Usage
		Usr 0 00:00:00, Sys 0 00:00:00  -  Run Local Usage
		Usr 0 00:02:52, Sys 0 00:00:44  -  Total Remote Usage
		Usr 0 00:00:00, Sys 0 00:00:00  -  Total Local Usage
	511  -  Run Bytes Sent By Job
	16019879936  -  Run Bytes Received By Job
	511  -  Total Bytes Sent By Job
	16019879936  -  Total Bytes Received By Job
	Partitionable Resources :       Usage  Request Allocated Assigned
	   Cpus                 :        1.39        1         1 
	   Disk (KB)            : 33811788    52428800  56077985 
	   GPUs                 :       15.31        2         2 "GPU-c60845c2,GPU-a2d98c30"
	   GpusMemory (MB)      :      264                       
	   IoHeavy              :                              0 
	   Memory (MB)          :    18365       40960     40960 
	   TimeExecute (s)      :      462                       
	   TimeSlotBusy (s)     :     1077                       

	Job terminated of its own accord at 2024-04-18T15:31:11Z with exit-code 0.
...
