000 (250397.006.000) 2024-04-17 10:08:48 Job submitted from host: <128.104.100.148:9618?addrs=128.104.100.148-9618+[2607-f388-107c-501-216-3eff-feb2-bc11]-9618&alias=learn.chtc.wisc.edu&noUDP&sock=schedd_1351356_64bc>
...
040 (250397.006.000) 2024-04-17 10:59:52 Started transferring input files
	Transferring to host: <128.104.103.48:9618?addrs=128.104.103.48-9618+[2607-f388-107c-501-ae1f-6bff-fe2c-2f00]-9618&alias=vetsigian0001.chtc.wisc.edu&noUDP&sock=slot1_2_11412_8949_11392>
...
040 (250397.006.000) 2024-04-17 11:09:37 Finished transferring input files
...
001 (250397.006.000) 2024-04-17 11:09:38 Job executing on host: <128.104.103.48:9618?addrs=128.104.103.48-9618+[2607-f388-107c-501-ae1f-6bff-fe2c-2f00]-9618&alias=vetsigian0001.chtc.wisc.edu&noUDP&sock=startd_11061_8124>
	SlotName: slot1_2@vetsigian0001.chtc.wisc.edu
	AvailableGPUs = { GPUs_GPU_c60845c2,GPUs_GPU_3ebfc45d }
	CondorScratchDir = "/var/lib/condor/execute/slot1/dir_227514"
	Cpus = 1
	Disk = 56077985
	GPUs = 2
	GPUs_GPU_3ebfc45d = [ Id = "GPU-3ebfc45d"; Capability = 7.5; DeviceName = "NVIDIA GeForce RTX 2080 Ti"; DeviceUuid = "3ebfc45d-6ddf-8adb-378a-d31377acded0"; ECCEnabled = false; DriverVersion = 12.4; DevicePciBusId = "0000:89:00.0"; GlobalMemoryMb = 11004; MaxSupportedVersion = 12040 ]
	GPUs_GPU_c60845c2 = [ Id = "GPU-c60845c2"; Capability = 7.5; DeviceName = "NVIDIA GeForce RTX 2080 Ti"; DeviceUuid = "c60845c2-17b0-17df-2cc6-44f05353ae1e"; ECCEnabled = false; DriverVersion = 12.4; DevicePciBusId = "0000:1B:00.0"; GlobalMemoryMb = 11004; MaxSupportedVersion = 12040 ]
	IoHeavy = 0
	Memory = 40960
...
006 (250397.006.000) 2024-04-17 11:09:46 Image size of job updated: 330480
	323  -  MemoryUsage of job (MB)
	330480  -  ResidentSetSize of job (KB)
...
006 (250397.006.000) 2024-04-17 11:14:46 Image size of job updated: 9723932
	9497  -  MemoryUsage of job (MB)
	9723932  -  ResidentSetSize of job (KB)
...
006 (250397.006.000) 2024-04-17 11:19:47 Image size of job updated: 30506632
	29792  -  MemoryUsage of job (MB)
	30506632  -  ResidentSetSize of job (KB)
...
006 (250397.006.000) 2024-04-17 11:24:48 Image size of job updated: 33371316
	32585  -  MemoryUsage of job (MB)
	33366596  -  ResidentSetSize of job (KB)
...
006 (250397.006.000) 2024-04-17 11:29:49 Image size of job updated: 33382464
	32592  -  MemoryUsage of job (MB)
	33373348  -  ResidentSetSize of job (KB)
...
006 (250397.006.000) 2024-04-17 11:34:50 Image size of job updated: 33390736
	32603  -  MemoryUsage of job (MB)
	33385076  -  ResidentSetSize of job (KB)
...
006 (250397.006.000) 2024-04-17 11:39:51 Image size of job updated: 33394432
	32607  -  MemoryUsage of job (MB)
	33389476  -  ResidentSetSize of job (KB)
...
006 (250397.006.000) 2024-04-17 11:44:52 Image size of job updated: 33399408
	32608  -  MemoryUsage of job (MB)
	33389692  -  ResidentSetSize of job (KB)
...
006 (250397.006.000) 2024-04-17 11:49:53 Image size of job updated: 33429092
	32610  -  MemoryUsage of job (MB)
	33392464  -  ResidentSetSize of job (KB)
...
006 (250397.006.000) 2024-04-17 11:54:53 Image size of job updated: 33429092
	32615  -  MemoryUsage of job (MB)
	33397632  -  ResidentSetSize of job (KB)
...
006 (250397.006.000) 2024-04-17 12:04:55 Image size of job updated: 33429092
	32622  -  MemoryUsage of job (MB)
	33404384  -  ResidentSetSize of job (KB)
...
006 (250397.006.000) 2024-04-17 12:14:56 Image size of job updated: 33492016
	32676  -  MemoryUsage of job (MB)
	33459520  -  ResidentSetSize of job (KB)
...
006 (250397.006.000) 2024-04-17 12:19:56 Image size of job updated: 33492016
	32677  -  MemoryUsage of job (MB)
	33461108  -  ResidentSetSize of job (KB)
...
040 (250397.006.000) 2024-04-17 19:12:43 Started transferring output files
...
040 (250397.006.000) 2024-04-17 19:12:45 Finished transferring output files
...
005 (250397.006.000) 2024-04-17 19:12:45 Job terminated.
	(1) Normal termination (return value 0)
		Usr 0 08:16:06, Sys 0 00:43:39  -  Run Remote Usage
		Usr 0 00:00:00, Sys 0 00:00:00  -  Run Local Usage
		Usr 0 08:16:06, Sys 0 00:43:39  -  Total Remote Usage
		Usr 0 00:00:00, Sys 0 00:00:00  -  Total Local Usage
	45628304  -  Run Bytes Sent By Job
	15796412416  -  Run Bytes Received By Job
	45628304  -  Total Bytes Sent By Job
	15796412416  -  Total Bytes Received By Job
	Partitionable Resources :       Usage  Request Allocated Assigned
	   Cpus                 :        1.14        1         1 
	   Disk (KB)            : 33638166    52428800  56077985 
	   GPUs                 :                    2         2 "GPU-c60845c2,GPU-3ebfc45d"
	   GpusMemory (MB)      :      264                       
	   IoHeavy              :                              0 
	   Memory (MB)          :    32677       40960     40960 
	   TimeExecute (s)      :    28985                       
	   TimeSlotBusy (s)     :    29573                       

	Job terminated of its own accord at 2024-04-18T00:12:43Z with exit-code 0.
...
