000 (250682.006.000) 2024-04-17 21:08:19 Job submitted from host: <128.104.100.148:9618?addrs=128.104.100.148-9618+[2607-f388-107c-501-216-3eff-feb2-bc11]-9618&alias=learn.chtc.wisc.edu&noUDP&sock=schedd_1351356_64bc>
...
040 (250682.006.000) 2024-04-17 23:00:32 Started transferring input files
	Transferring to host: <128.105.68.166:9618?addrs=128.105.68.166-9618+[2607-f388-2200-100-b62e-99ff-feb7-2e2d]-9618&alias=gpulab2001.chtc.wisc.edu&noUDP&sock=slot1_4_11455_d56b_81826>
...
040 (250682.006.000) 2024-04-17 23:07:26 Finished transferring input files
...
001 (250682.006.000) 2024-04-17 23:07:27 Job executing on host: <128.105.68.166:9618?addrs=128.105.68.166-9618+[2607-f388-2200-100-b62e-99ff-feb7-2e2d]-9618&alias=gpulab2001.chtc.wisc.edu&noUDP&sock=startd_11105_af4f>
	SlotName: slot1_4@gpulab2001.chtc.wisc.edu
	AvailableGPUs = { GPUs_GPU_112d9b26,GPUs_GPU_de7b89bb }
	CondorScratchDir = "/var/lib/condor/execute/slot1/dir_1961898"
	Cpus = 1
	Disk = 57728099
	GPUs = 2
	GPUs_GPU_112d9b26 = [ Id = "GPU-112d9b26"; Capability = 7.5; DeviceName = "NVIDIA GeForce RTX 2080 Ti"; DeviceUuid = "112d9b26-7563-b29a-d24d-cd6784a98555"; ECCEnabled = false; DriverVersion = 12.4; DevicePciBusId = "0000:61:00.0"; GlobalMemoryMb = 11004; MaxSupportedVersion = 12040 ]
	GPUs_GPU_de7b89bb = [ Id = "GPU-de7b89bb"; Capability = 7.5; DeviceName = "NVIDIA GeForce RTX 2080 Ti"; DeviceUuid = "de7b89bb-11e2-d8b1-1b92-c9ab2f9f87e3"; ECCEnabled = false; DriverVersion = 12.4; DevicePciBusId = "0000:DA:00.0"; GlobalMemoryMb = 11004; MaxSupportedVersion = 12040 ]
	IoHeavy = 0
	Memory = 40960
...
006 (250682.006.000) 2024-04-17 23:07:35 Image size of job updated: 1080280
	1055  -  MemoryUsage of job (MB)
	1080100  -  ResidentSetSize of job (KB)
...
006 (250682.006.000) 2024-04-17 23:12:35 Image size of job updated: 32436280
	31672  -  MemoryUsage of job (MB)
	32431456  -  ResidentSetSize of job (KB)
...
006 (250682.006.000) 2024-04-17 23:17:36 Image size of job updated: 32436280
	31676  -  MemoryUsage of job (MB)
	32435796  -  ResidentSetSize of job (KB)
...
040 (250682.006.000) 2024-04-18 06:55:03 Started transferring output files
...
040 (250682.006.000) 2024-04-18 06:55:04 Finished transferring output files
...
005 (250682.006.000) 2024-04-18 06:55:05 Job terminated.
	(1) Normal termination (return value 0)
		Usr 0 08:08:28, Sys 0 00:37:32  -  Run Remote Usage
		Usr 0 00:00:00, Sys 0 00:00:00  -  Run Local Usage
		Usr 0 08:08:28, Sys 0 00:37:32  -  Total Remote Usage
		Usr 0 00:00:00, Sys 0 00:00:00  -  Total Local Usage
	45183952  -  Run Bytes Sent By Job
	15796412416  -  Run Bytes Received By Job
	45183952  -  Total Bytes Sent By Job
	15796412416  -  Total Bytes Received By Job
	Partitionable Resources :       Usage  Request Allocated Assigned
	   Cpus                 :        1.09        1         1 
	   Disk (KB)            : 33637732    52428800  57728099 
	   GPUs                 :        0.92        2         2 "GPU-112d9b26,GPU-de7b89bb"
	   GpusMemory (MB)      :      264                       
	   IoHeavy              :                              0 
	   Memory (MB)          :    31676       40960     40960 
	   TimeExecute (s)      :    28056                       
	   TimeSlotBusy (s)     :    28473                       

	Job terminated of its own accord at 2024-04-18T11:55:03Z with exit-code 0.
...
