000 (250936.001.000) 2024-04-18 09:31:50 Job submitted from host: <128.104.100.148:9618?addrs=128.104.100.148-9618+[2607-f388-107c-501-216-3eff-feb2-bc11]-9618&alias=learn.chtc.wisc.edu&noUDP&sock=schedd_1351356_64bc>
...
040 (250936.001.000) 2024-04-18 09:31:59 Started transferring input files
	Transferring to host: <128.105.68.117:9618?addrs=128.105.68.117-9618+[2607-f388-2200-100-7ec2-55ff-fe9a-b4fa]-9618&alias=gpu4000.chtc.wisc.edu&noUDP&sock=slot1_4_2823490_e139_706>
...
040 (250936.001.000) 2024-04-18 09:38:51 Finished transferring input files
...
001 (250936.001.000) 2024-04-18 09:38:52 Job executing on host: <128.105.68.117:9618?addrs=128.105.68.117-9618+[2607-f388-2200-100-7ec2-55ff-fe9a-b4fa]-9618&alias=gpu4000.chtc.wisc.edu&noUDP&sock=startd_9579_f9c9>
	SlotName: slot1_4@gpu4000.chtc.wisc.edu
	AvailableGPUs = { GPUs_GPU_884cf7fc,GPUs_GPU_cdbf3fca }
	CondorScratchDir = "/var/lib/condor/execute/slot1/dir_3165766"
	Cpus = 1
	Disk = 52442036
	GPUs = 2
	GPUs_GPU_884cf7fc = [ Id = "GPU-884cf7fc"; Capability = 8.9; DeviceName = "NVIDIA L40"; DeviceUuid = "884cf7fc-eee7-e5a3-b686-b605e807854a"; ECCEnabled = true; DriverVersion = 12.4; DevicePciBusId = "0000:56:00.0"; GlobalMemoryMb = 45373; MaxSupportedVersion = 12040 ]
	GPUs_GPU_cdbf3fca = [ Id = "GPU-cdbf3fca"; Capability = 8.9; DeviceName = "NVIDIA L40"; DeviceUuid = "cdbf3fca-80ab-de71-21bb-ae69b9dc2017"; ECCEnabled = true; DriverVersion = 12.4; DevicePciBusId = "0000:57:00.0"; GlobalMemoryMb = 45373; MaxSupportedVersion = 12040 ]
	IoHeavy = 0
	Memory = 40960
...
006 (250936.001.000) 2024-04-18 09:39:00 Image size of job updated: 1793524
	1752  -  MemoryUsage of job (MB)
	1793076  -  ResidentSetSize of job (KB)
...
006 (250936.001.000) 2024-04-18 09:40:00 Image size of job updated: 22898148
	21684  -  MemoryUsage of job (MB)
	22204380  -  ResidentSetSize of job (KB)
...
040 (250936.001.000) 2024-04-18 09:40:01 Started transferring output files
...
040 (250936.001.000) 2024-04-18 09:40:01 Finished transferring output files
...
005 (250936.001.000) 2024-04-18 09:40:01 Job terminated.
	(1) Normal termination (return value 1)
		Usr 0 00:00:55, Sys 0 00:00:22  -  Run Remote Usage
		Usr 0 00:00:00, Sys 0 00:00:00  -  Run Local Usage
		Usr 0 00:00:55, Sys 0 00:00:22  -  Total Remote Usage
		Usr 0 00:00:00, Sys 0 00:00:00  -  Total Local Usage
	862  -  Run Bytes Sent By Job
	16019879936  -  Run Bytes Received By Job
	862  -  Total Bytes Sent By Job
	16019879936  -  Total Bytes Received By Job
	Partitionable Resources :       Usage  Request Allocated Assigned
	   Cpus                 :        0.13        1         1 
	   Disk (KB)            : 33811788    52428800  52442036 
	   GPUs                 :        0           2         2 "GPU-884cf7fc,GPU-cdbf3fca"
	   GpusMemory (MB)      :      699                       
	   IoHeavy              :                              0 
	   Memory (MB)          :    21684       40960     40960 
	   TimeExecute (s)      :       68                       
	   TimeSlotBusy (s)     :      482                       

	Job terminated of its own accord at 2024-04-18T14:40:00Z with exit-code 1.
...
