data/
data/._.DS_Store
data/.DS_Store
data/pathmnist.npz
data/._pathmnist_224.npz
data/pathmnist_224.npz
Epoch 0/19
----------
Epoch: 0 Train Loss: 0.6554 Acc: 0.7597
Epoch: 0 Val Loss: 0.3894 Acc: 0.8671
Training complete in 8m 26s
Epoch 1/19
----------
Epoch: 1 Train Loss: 0.3460 Acc: 0.8770
Epoch: 1 Val Loss: 0.2560 Acc: 0.9116
Training complete in 17m 13s
Epoch 2/19
----------
Epoch: 2 Train Loss: 0.2624 Acc: 0.9068
Epoch: 2 Val Loss: 0.2101 Acc: 0.9287
Training complete in 26m 14s
Epoch 3/19
----------
Epoch: 3 Train Loss: 0.2136 Acc: 0.9255
Epoch: 3 Val Loss: 0.2728 Acc: 0.9108
Training complete in 34m 56s
Epoch 4/19
----------
Epoch: 4 Train Loss: 0.1809 Acc: 0.9361
Epoch: 4 Val Loss: 0.2001 Acc: 0.9372
Training complete in 43m 13s
Epoch 5/19
----------
Epoch: 5 Train Loss: 0.1587 Acc: 0.9452
Epoch: 5 Val Loss: 0.1641 Acc: 0.9437
Training complete in 51m 25s
Epoch 6/19
----------
Epoch: 6 Train Loss: 0.1344 Acc: 0.9529
Epoch: 6 Val Loss: 0.1744 Acc: 0.9434
Training complete in 57m 53s
Epoch 7/19
----------
Epoch: 7 Train Loss: 0.1192 Acc: 0.9585
Epoch: 7 Val Loss: 0.1534 Acc: 0.9508
Training complete in 65m 0s
Epoch 8/19
----------
Epoch: 8 Train Loss: 0.1051 Acc: 0.9633
Epoch: 8 Val Loss: 0.2025 Acc: 0.9345
Training complete in 70m 50s
Epoch 9/19
----------
Epoch: 9 Train Loss: 0.0924 Acc: 0.9674
Epoch: 9 Val Loss: 0.1496 Acc: 0.9560
Training complete in 76m 25s
Epoch 10/19
----------
Epoch: 10 Train Loss: 0.0843 Acc: 0.9708
Epoch: 10 Val Loss: 0.1503 Acc: 0.9574
Training complete in 81m 49s
Epoch 11/19
----------
Epoch: 11 Train Loss: 0.0762 Acc: 0.9736
Epoch: 11 Val Loss: 0.1643 Acc: 0.9564
Training complete in 87m 40s
Epoch 12/19
----------
Epoch: 12 Train Loss: 0.0711 Acc: 0.9754
Epoch: 12 Val Loss: 0.1971 Acc: 0.9478
Training complete in 94m 55s
Epoch 13/19
----------
Epoch: 13 Train Loss: 0.0659 Acc: 0.9771
Epoch: 13 Val Loss: 0.2591 Acc: 0.9527
Training complete in 104m 6s
Epoch 14/19
----------
Epoch: 14 Train Loss: 0.0608 Acc: 0.9789
Epoch: 14 Val Loss: 0.1810 Acc: 0.9542
Training complete in 112m 47s
Epoch 15/19
----------
Epoch: 15 Train Loss: 0.0552 Acc: 0.9805
Epoch: 15 Val Loss: 0.3514 Acc: 0.9553
Training complete in 118m 41s
Epoch 16/19
----------
Epoch: 16 Train Loss: 0.0512 Acc: 0.9821
Epoch: 16 Val Loss: 0.2940 Acc: 0.9394
Training complete in 123m 11s
Epoch 17/19
----------
Epoch: 17 Train Loss: 0.0517 Acc: 0.9824
Epoch: 17 Val Loss: 0.4298 Acc: 0.9542
Training complete in 127m 30s
Epoch 18/19
----------
Epoch: 18 Train Loss: 0.0464 Acc: 0.9848
Epoch: 18 Val Loss: 0.3284 Acc: 0.9555
Training complete in 132m 38s
Epoch 19/19
----------
Epoch: 19 Train Loss: 0.0464 Acc: 0.9845
Epoch: 19 Val Loss: 0.3181 Acc: 0.9475
Training complete in 137m 6s
Training data saved to output_ResNet_28x28_SE_training_data.csv
