data/
data/._.DS_Store
data/.DS_Store
data/pathmnist.npz
data/._pathmnist_224.npz
data/pathmnist_224.npz
Epoch 0/19
----------
Epoch: 0 Train Loss: 0.5313 Acc: 0.8107
Epoch: 0 Val Loss: 0.2510 Acc: 0.9119
Training complete in 9m 29s
Epoch 1/19
----------
Epoch: 1 Train Loss: 0.1959 Acc: 0.9352
Epoch: 1 Val Loss: 0.1180 Acc: 0.9643
Training complete in 18m 57s
Epoch 2/19
----------
Epoch: 2 Train Loss: 0.1279 Acc: 0.9585
Epoch: 2 Val Loss: 0.1114 Acc: 0.9619
Training complete in 29m 0s
Epoch 3/19
----------
Epoch: 3 Train Loss: 0.0993 Acc: 0.9673
Epoch: 3 Val Loss: 0.1073 Acc: 0.9704
Training complete in 39m 14s
Epoch 4/19
----------
Epoch: 4 Train Loss: 0.0792 Acc: 0.9737
Epoch: 4 Val Loss: 0.0814 Acc: 0.9780
Training complete in 49m 28s
Epoch 5/19
----------
Epoch: 5 Train Loss: 0.0650 Acc: 0.9786
Epoch: 5 Val Loss: 0.1293 Acc: 0.9788
Training complete in 59m 40s
Epoch 6/19
----------
Epoch: 6 Train Loss: 0.0576 Acc: 0.9808
Epoch: 6 Val Loss: 0.1011 Acc: 0.9724
Training complete in 70m 2s
Epoch 7/19
----------
Epoch: 7 Train Loss: 0.0509 Acc: 0.9840
Epoch: 7 Val Loss: 0.0414 Acc: 0.9882
Training complete in 80m 21s
Epoch 8/19
----------
Epoch: 8 Train Loss: 0.0444 Acc: 0.9850
Epoch: 8 Val Loss: 0.0954 Acc: 0.9820
Training complete in 90m 40s
Epoch 9/19
----------
Epoch: 9 Train Loss: 0.0391 Acc: 0.9871
Epoch: 9 Val Loss: 0.0529 Acc: 0.9857
Training complete in 100m 59s
Epoch 10/19
----------
Epoch: 10 Train Loss: 0.0358 Acc: 0.9882
Epoch: 10 Val Loss: 0.0608 Acc: 0.9859
Training complete in 111m 26s
Epoch 11/19
----------
Epoch: 11 Train Loss: 0.0324 Acc: 0.9889
Epoch: 11 Val Loss: 0.0815 Acc: 0.9836
Training complete in 122m 0s
Epoch 12/19
----------
Epoch: 12 Train Loss: 0.0290 Acc: 0.9904
Epoch: 12 Val Loss: 0.1492 Acc: 0.9857
Training complete in 132m 37s
Epoch 13/19
----------
Epoch: 13 Train Loss: 0.0275 Acc: 0.9911
Epoch: 13 Val Loss: 0.0543 Acc: 0.9900
Training complete in 143m 18s
Epoch 14/19
----------
Epoch: 14 Train Loss: 0.0232 Acc: 0.9922
Epoch: 14 Val Loss: 0.1264 Acc: 0.9889
Training complete in 153m 47s
Epoch 15/19
----------
Epoch: 15 Train Loss: 0.0230 Acc: 0.9927
Epoch: 15 Val Loss: 0.2067 Acc: 0.9809
Training complete in 164m 15s
Epoch 16/19
----------
Epoch: 16 Train Loss: 0.0207 Acc: 0.9935
Epoch: 16 Val Loss: 0.0514 Acc: 0.9892
Training complete in 174m 39s
Epoch 17/19
----------
Epoch: 17 Train Loss: 0.0198 Acc: 0.9937
Epoch: 17 Val Loss: 0.0844 Acc: 0.9857
Training complete in 185m 7s
Epoch 18/19
----------
Epoch: 18 Train Loss: 0.0191 Acc: 0.9938
Epoch: 18 Val Loss: 0.0697 Acc: 0.9857
Training complete in 195m 36s
Epoch 19/19
----------
Epoch: 19 Train Loss: 0.0186 Acc: 0.9940
Epoch: 19 Val Loss: 0.0617 Acc: 0.9863
Training complete in 206m 6s
Training data saved to output_ResNet_224x224_training_data.csv
