data/
data/._.DS_Store
data/.DS_Store
data/pathmnist.npz
data/._pathmnist_224.npz
data/pathmnist_224.npz
Epoch 0/19
----------
Epoch: 0 Train Loss: 0.6313 Acc: 0.7743
Epoch: 0 Val Loss: 0.4037 Acc: 0.8639
Training complete in 1m 44s
Epoch 1/19
----------
Epoch: 1 Train Loss: 0.3003 Acc: 0.9007
Epoch: 1 Val Loss: 0.3377 Acc: 0.8892
Training complete in 3m 30s
Epoch 2/19
----------
Epoch: 2 Train Loss: 0.1779 Acc: 0.9435
Epoch: 2 Val Loss: 0.5872 Acc: 0.8470
Training complete in 5m 17s
Epoch 3/19
----------
Epoch: 3 Train Loss: 0.1131 Acc: 0.9652
Epoch: 3 Val Loss: 0.4619 Acc: 0.8841
Training complete in 7m 1s
Epoch 4/19
----------
Epoch: 4 Train Loss: 0.0905 Acc: 0.9738
Epoch: 4 Val Loss: 0.5462 Acc: 0.8846
Training complete in 8m 45s
Epoch 5/19
----------
Epoch: 5 Train Loss: 0.0756 Acc: 0.9786
Epoch: 5 Val Loss: 0.7250 Acc: 0.8647
Training complete in 10m 22s
Epoch 6/19
----------
Epoch: 6 Train Loss: 0.0696 Acc: 0.9815
Epoch: 6 Val Loss: 0.7325 Acc: 0.8625
Training complete in 11m 57s
Epoch 7/19
----------
Epoch: 7 Train Loss: 0.0659 Acc: 0.9834
Epoch: 7 Val Loss: 0.7374 Acc: 0.8797
Training complete in 13m 34s
Epoch 8/19
----------
Epoch: 8 Train Loss: 0.0723 Acc: 0.9830
Epoch: 8 Val Loss: 0.8041 Acc: 0.8664
Training complete in 15m 12s
Epoch 9/19
----------
Epoch: 9 Train Loss: 0.0583 Acc: 0.9862
Epoch: 9 Val Loss: 0.7354 Acc: 0.8664
Training complete in 17m 6s
Epoch 10/19
----------
Epoch: 10 Train Loss: 0.0682 Acc: 0.9853
Epoch: 10 Val Loss: 1.1292 Acc: 0.8242
Training complete in 18m 57s
Epoch 11/19
----------
Epoch: 11 Train Loss: 0.0700 Acc: 0.9857
Epoch: 11 Val Loss: 0.7997 Acc: 0.8698
Training complete in 20m 51s
Epoch 12/19
----------
Epoch: 12 Train Loss: 0.0676 Acc: 0.9862
Epoch: 12 Val Loss: 0.9700 Acc: 0.8618
Training complete in 22m 45s
Epoch 13/19
----------
Epoch: 13 Train Loss: 0.0502 Acc: 0.9897
Epoch: 13 Val Loss: 1.0470 Acc: 0.8663
Training complete in 24m 34s
Epoch 14/19
----------
Epoch: 14 Train Loss: 0.0609 Acc: 0.9881
Epoch: 14 Val Loss: 1.1956 Acc: 0.8658
Training complete in 26m 20s
Epoch 15/19
----------
Epoch: 15 Train Loss: 0.0714 Acc: 0.9876
Epoch: 15 Val Loss: 0.9609 Acc: 0.8718
Training complete in 28m 6s
Epoch 16/19
----------
Epoch: 16 Train Loss: 0.0567 Acc: 0.9887
Epoch: 16 Val Loss: 1.1454 Acc: 0.8333
Training complete in 29m 52s
Epoch 17/19
----------
Epoch: 17 Train Loss: 0.0617 Acc: 0.9884
Epoch: 17 Val Loss: 1.0420 Acc: 0.8400
Training complete in 31m 38s
Epoch 18/19
----------
Epoch: 18 Train Loss: 0.0622 Acc: 0.9896
Epoch: 18 Val Loss: 1.2429 Acc: 0.8359
Training complete in 33m 24s
Epoch 19/19
----------
Epoch: 19 Train Loss: 0.0520 Acc: 0.9899
Epoch: 19 Val Loss: 1.3615 Acc: 0.8410
Training complete in 35m 10s
Training data saved to output_LeNet_224x224_training_data.csv
