data/
data/._.DS_Store
data/.DS_Store
data/pathmnist.npz
data/._pathmnist_224.npz
data/pathmnist_224.npz
Epoch 0/19
----------
Epoch: 0 Train Loss: 0.4287 Acc: 0.8496
Epoch: 0 Val Loss: 0.2169 Acc: 0.9474
Training complete in 24m 26s
Epoch 1/19
----------
Epoch: 1 Train Loss: 0.1668 Acc: 0.9445
Epoch: 1 Val Loss: 0.1816 Acc: 0.9631
Training complete in 48m 52s
Epoch 2/19
----------
Epoch: 2 Train Loss: 0.1153 Acc: 0.9610
Epoch: 2 Val Loss: 0.1290 Acc: 0.9596
Training complete in 73m 15s
Epoch 3/19
----------
Epoch: 3 Train Loss: 0.0905 Acc: 0.9700
Epoch: 3 Val Loss: 0.1107 Acc: 0.9764
Training complete in 97m 14s
Epoch 4/19
----------
Epoch: 4 Train Loss: 0.0756 Acc: 0.9751
Epoch: 4 Val Loss: 0.0485 Acc: 0.9867
Training complete in 121m 29s
Epoch 5/19
----------
Epoch: 5 Train Loss: 0.0641 Acc: 0.9789
Epoch: 5 Val Loss: 0.0627 Acc: 0.9794
Training complete in 145m 50s
Epoch 6/19
----------
Epoch: 6 Train Loss: 0.0580 Acc: 0.9809
Epoch: 6 Val Loss: 0.0991 Acc: 0.9661
Training complete in 170m 1s
Epoch 7/19
----------
Epoch: 7 Train Loss: 0.0509 Acc: 0.9832
Epoch: 7 Val Loss: 0.0509 Acc: 0.9836
Training complete in 193m 36s
Epoch 8/19
----------
Epoch: 8 Train Loss: 0.0475 Acc: 0.9843
Epoch: 8 Val Loss: 0.0486 Acc: 0.9861
Training complete in 216m 53s
Epoch 9/19
----------
Epoch: 9 Train Loss: 0.0429 Acc: 0.9861
Epoch: 9 Val Loss: 0.0562 Acc: 0.9826
Training complete in 239m 58s
Epoch 10/19
----------
Epoch: 10 Train Loss: 0.0401 Acc: 0.9866
Epoch: 10 Val Loss: 0.0301 Acc: 0.9917
Training complete in 263m 7s
Epoch 11/19
----------
Epoch: 11 Train Loss: 0.0359 Acc: 0.9882
Epoch: 11 Val Loss: 0.0438 Acc: 0.9864
Training complete in 286m 15s
Epoch 12/19
----------
Epoch: 12 Train Loss: 0.0340 Acc: 0.9887
Epoch: 12 Val Loss: 0.0563 Acc: 0.9809
Training complete in 309m 20s
Epoch 13/19
----------
Epoch: 13 Train Loss: 0.0322 Acc: 0.9895
Epoch: 13 Val Loss: 0.0257 Acc: 0.9916
Training complete in 332m 31s
Epoch 14/19
----------
Epoch: 14 Train Loss: 0.0299 Acc: 0.9899
Epoch: 14 Val Loss: 0.0262 Acc: 0.9924
Training complete in 355m 47s
Epoch 15/19
----------
Epoch: 15 Train Loss: 0.0294 Acc: 0.9906
Epoch: 15 Val Loss: 0.0456 Acc: 0.9893
Training complete in 379m 5s
Epoch 16/19
----------
Epoch: 16 Train Loss: 0.0285 Acc: 0.9904
Epoch: 16 Val Loss: 0.0521 Acc: 0.9865
Training complete in 402m 26s
Epoch 17/19
----------
Epoch: 17 Train Loss: 0.0265 Acc: 0.9915
Epoch: 17 Val Loss: 0.0591 Acc: 0.9856
Training complete in 425m 54s
Epoch 18/19
----------
Epoch: 18 Train Loss: 0.0260 Acc: 0.9917
Epoch: 18 Val Loss: 0.0726 Acc: 0.9795
Training complete in 449m 8s
Epoch 19/19
----------
Epoch: 19 Train Loss: 0.0239 Acc: 0.9921
Epoch: 19 Val Loss: 0.0562 Acc: 0.9890
Training complete in 472m 23s
Training data saved to output_ResNet_224x224_SE_training_data.csv
