data/
data/._.DS_Store
data/.DS_Store
data/pathmnist.npz
data/._pathmnist_224.npz
data/pathmnist_224.npz
Epoch 0/19
----------
Epoch: 0 Train Loss: 1.1793 Acc: 0.5461
Epoch: 0 Val Loss: 0.8829 Acc: 0.6675
Training complete in 1m 24s
Epoch 1/19
----------
Epoch: 1 Train Loss: 0.8422 Acc: 0.6832
Epoch: 1 Val Loss: 0.8137 Acc: 0.6915
Training complete in 2m 46s
Epoch 2/19
----------
Epoch: 2 Train Loss: 0.7596 Acc: 0.7168
Epoch: 2 Val Loss: 0.6918 Acc: 0.7404
Training complete in 4m 8s
Epoch 3/19
----------
Epoch: 3 Train Loss: 0.7023 Acc: 0.7413
Epoch: 3 Val Loss: 0.6905 Acc: 0.7430
Training complete in 5m 32s
Epoch 4/19
----------
Epoch: 4 Train Loss: 0.6641 Acc: 0.7565
Epoch: 4 Val Loss: 0.7135 Acc: 0.7443
Training complete in 6m 53s
Epoch 5/19
----------
Epoch: 5 Train Loss: 0.6345 Acc: 0.7665
Epoch: 5 Val Loss: 0.6168 Acc: 0.7759
Training complete in 8m 15s
Epoch 6/19
----------
Epoch: 6 Train Loss: 0.6012 Acc: 0.7796
Epoch: 6 Val Loss: 0.6206 Acc: 0.7734
Training complete in 9m 36s
Epoch 7/19
----------
Epoch: 7 Train Loss: 0.5709 Acc: 0.7914
Epoch: 7 Val Loss: 0.6104 Acc: 0.7782
Training complete in 10m 58s
Epoch 8/19
----------
Epoch: 8 Train Loss: 0.5503 Acc: 0.7980
Epoch: 8 Val Loss: 0.5705 Acc: 0.7920
Training complete in 12m 19s
Epoch 9/19
----------
Epoch: 9 Train Loss: 0.5362 Acc: 0.8031
Epoch: 9 Val Loss: 0.5835 Acc: 0.7877
Training complete in 13m 42s
Epoch 10/19
----------
Epoch: 10 Train Loss: 0.5179 Acc: 0.8104
Epoch: 10 Val Loss: 0.5500 Acc: 0.8013
Training complete in 15m 0s
Epoch 11/19
----------
Epoch: 11 Train Loss: 0.5055 Acc: 0.8160
Epoch: 11 Val Loss: 0.5185 Acc: 0.8108
Training complete in 16m 21s
Epoch 12/19
----------
Epoch: 12 Train Loss: 0.4940 Acc: 0.8183
Epoch: 12 Val Loss: 0.5626 Acc: 0.7940
Training complete in 17m 42s
Epoch 13/19
----------
Epoch: 13 Train Loss: 0.4801 Acc: 0.8253
Epoch: 13 Val Loss: 0.5342 Acc: 0.8024
Training complete in 19m 3s
Epoch 14/19
----------
Epoch: 14 Train Loss: 0.4680 Acc: 0.8277
Epoch: 14 Val Loss: 0.5072 Acc: 0.8257
Training complete in 20m 23s
Epoch 15/19
----------
Epoch: 15 Train Loss: 0.4633 Acc: 0.8305
Epoch: 15 Val Loss: 0.4992 Acc: 0.8237
Training complete in 21m 44s
Epoch 16/19
----------
Epoch: 16 Train Loss: 0.4579 Acc: 0.8327
Epoch: 16 Val Loss: 0.4958 Acc: 0.8266
Training complete in 23m 5s
Epoch 17/19
----------
Epoch: 17 Train Loss: 0.4460 Acc: 0.8374
Epoch: 17 Val Loss: 0.5042 Acc: 0.8260
Training complete in 24m 25s
Epoch 18/19
----------
Epoch: 18 Train Loss: 0.4388 Acc: 0.8402
Epoch: 18 Val Loss: 0.5305 Acc: 0.8148
Training complete in 25m 44s
Epoch 19/19
----------
Epoch: 19 Train Loss: 0.4377 Acc: 0.8405
Epoch: 19 Val Loss: 0.5704 Acc: 0.8018
Training complete in 26m 59s
Training data saved to output_LeNet_28x28_SE_training_data.csv
