data/
data/._.DS_Store
data/.DS_Store
data/pathmnist.npz
data/._pathmnist_224.npz
data/pathmnist_224.npz
Epoch 0/19
----------
Epoch: 0 Train Loss: 0.6478 Acc: 0.7649
Epoch: 0 Val Loss: 0.4494 Acc: 0.8453
Training complete in 6m 47s
Epoch 1/19
----------
Epoch: 1 Train Loss: 0.3433 Acc: 0.8785
Epoch: 1 Val Loss: 0.4011 Acc: 0.8710
Training complete in 13m 58s
Epoch 2/19
----------
Epoch: 2 Train Loss: 0.2638 Acc: 0.9070
Epoch: 2 Val Loss: 0.1966 Acc: 0.9332
Training complete in 20m 54s
Epoch 3/19
----------
Epoch: 3 Train Loss: 0.2178 Acc: 0.9232
Epoch: 3 Val Loss: 0.2106 Acc: 0.9322
Training complete in 27m 30s
Epoch 4/19
----------
Epoch: 4 Train Loss: 0.1814 Acc: 0.9369
Epoch: 4 Val Loss: 0.1779 Acc: 0.9462
Training complete in 34m 10s
Epoch 5/19
----------
Epoch: 5 Train Loss: 0.1567 Acc: 0.9445
Epoch: 5 Val Loss: 0.1878 Acc: 0.9453
Training complete in 40m 50s
Epoch 6/19
----------
Epoch: 6 Train Loss: 0.1355 Acc: 0.9519
Epoch: 6 Val Loss: 0.1789 Acc: 0.9458
Training complete in 47m 18s
Epoch 7/19
----------
Epoch: 7 Train Loss: 0.1206 Acc: 0.9581
Epoch: 7 Val Loss: 0.2010 Acc: 0.9412
Training complete in 53m 33s
Epoch 8/19
----------
Epoch: 8 Train Loss: 0.1028 Acc: 0.9638
Epoch: 8 Val Loss: 0.1885 Acc: 0.9415
Training complete in 59m 53s
Epoch 9/19
----------
Epoch: 9 Train Loss: 0.0917 Acc: 0.9677
Epoch: 9 Val Loss: 0.1745 Acc: 0.9533
Training complete in 66m 2s
Epoch 10/19
----------
Epoch: 10 Train Loss: 0.0818 Acc: 0.9712
Epoch: 10 Val Loss: 0.2198 Acc: 0.9482
Training complete in 72m 6s
Epoch 11/19
----------
Epoch: 11 Train Loss: 0.0746 Acc: 0.9742
Epoch: 11 Val Loss: 0.2201 Acc: 0.9421
Training complete in 77m 35s
Epoch 12/19
----------
Epoch: 12 Train Loss: 0.0667 Acc: 0.9774
Epoch: 12 Val Loss: 0.1763 Acc: 0.9525
Training complete in 83m 3s
Epoch 13/19
----------
Epoch: 13 Train Loss: 0.0631 Acc: 0.9784
Epoch: 13 Val Loss: 0.1745 Acc: 0.9534
Training complete in 88m 26s
Epoch 14/19
----------
Epoch: 14 Train Loss: 0.0588 Acc: 0.9797
Epoch: 14 Val Loss: 0.1737 Acc: 0.9582
Training complete in 93m 56s
Epoch 15/19
----------
Epoch: 15 Train Loss: 0.0555 Acc: 0.9807
Epoch: 15 Val Loss: 0.1854 Acc: 0.9556
Training complete in 100m 5s
Epoch 16/19
----------
Epoch: 16 Train Loss: 0.0498 Acc: 0.9829
Epoch: 16 Val Loss: 0.2131 Acc: 0.9518
Training complete in 105m 58s
Epoch 17/19
----------
Epoch: 17 Train Loss: 0.0504 Acc: 0.9824
Epoch: 17 Val Loss: 0.2249 Acc: 0.9449
Training complete in 111m 56s
Epoch 18/19
----------
Epoch: 18 Train Loss: 0.0464 Acc: 0.9851
Epoch: 18 Val Loss: 0.1872 Acc: 0.9531
Training complete in 118m 22s
Epoch 19/19
----------
Epoch: 19 Train Loss: 0.0456 Acc: 0.9844
Epoch: 19 Val Loss: 0.3565 Acc: 0.9530
Training complete in 124m 51s
Training data saved to output_ResNet_28x28_SE_training_data.csv
