data/
data/._.DS_Store
data/.DS_Store
data/pathmnist.npz
data/._pathmnist_224.npz
data/pathmnist_224.npz
Epoch 0/19
----------
Epoch: 0 Train Loss: 0.7684 Acc: 0.7171
Epoch: 0 Val Loss: 0.4804 Acc: 0.8241
Training complete in 6m 37s
Epoch 1/19
----------
Epoch: 1 Train Loss: 0.3917 Acc: 0.8602
Epoch: 1 Val Loss: 0.3253 Acc: 0.8912
Training complete in 13m 6s
Epoch 2/19
----------
Epoch: 2 Train Loss: 0.2913 Acc: 0.8967
Epoch: 2 Val Loss: 0.2677 Acc: 0.9079
Training complete in 19m 46s
Epoch 3/19
----------
Epoch: 3 Train Loss: 0.2340 Acc: 0.9169
Epoch: 3 Val Loss: 0.2369 Acc: 0.9214
Training complete in 26m 36s
Epoch 4/19
----------
Epoch: 4 Train Loss: 0.1955 Acc: 0.9304
Epoch: 4 Val Loss: 0.2620 Acc: 0.9174
Training complete in 32m 29s
Epoch 5/19
----------
Epoch: 5 Train Loss: 0.1624 Acc: 0.9425
Epoch: 5 Val Loss: 0.1834 Acc: 0.9386
Training complete in 38m 35s
Epoch 6/19
----------
Epoch: 6 Train Loss: 0.1366 Acc: 0.9520
Epoch: 6 Val Loss: 0.1826 Acc: 0.9400
Training complete in 44m 33s
Epoch 7/19
----------
Epoch: 7 Train Loss: 0.1177 Acc: 0.9583
Epoch: 7 Val Loss: 0.1637 Acc: 0.9472
Training complete in 49m 58s
Epoch 8/19
----------
Epoch: 8 Train Loss: 0.0994 Acc: 0.9651
Epoch: 8 Val Loss: 0.2470 Acc: 0.9298
Training complete in 54m 21s
Epoch 9/19
----------
Epoch: 9 Train Loss: 0.0879 Acc: 0.9690
Epoch: 9 Val Loss: 0.1979 Acc: 0.9464
Training complete in 59m 45s
Epoch 10/19
----------
Epoch: 10 Train Loss: 0.0759 Acc: 0.9727
Epoch: 10 Val Loss: 0.2005 Acc: 0.9472
Training complete in 64m 47s
Epoch 11/19
----------
Epoch: 11 Train Loss: 0.0696 Acc: 0.9756
Epoch: 11 Val Loss: 0.2244 Acc: 0.9457
Training complete in 68m 38s
Epoch 12/19
----------
Epoch: 12 Train Loss: 0.0607 Acc: 0.9787
Epoch: 12 Val Loss: 0.1919 Acc: 0.9514
Training complete in 72m 34s
Epoch 13/19
----------
Epoch: 13 Train Loss: 0.0580 Acc: 0.9797
Epoch: 13 Val Loss: 0.2298 Acc: 0.9481
Training complete in 76m 28s
Epoch 14/19
----------
Epoch: 14 Train Loss: 0.0511 Acc: 0.9822
Epoch: 14 Val Loss: 0.2242 Acc: 0.9518
Training complete in 80m 33s
Epoch 15/19
----------
Epoch: 15 Train Loss: 0.0486 Acc: 0.9830
Epoch: 15 Val Loss: 0.2324 Acc: 0.9405
Training complete in 84m 53s
Epoch 16/19
----------
Epoch: 16 Train Loss: 0.0480 Acc: 0.9836
Epoch: 16 Val Loss: 0.2982 Acc: 0.9517
Training complete in 90m 3s
Epoch 17/19
----------
Epoch: 17 Train Loss: 0.0425 Acc: 0.9860
Epoch: 17 Val Loss: 0.2214 Acc: 0.9449
Training complete in 96m 57s
Epoch 18/19
----------
Epoch: 18 Train Loss: 0.0426 Acc: 0.9858
Epoch: 18 Val Loss: 0.2053 Acc: 0.9517
Training complete in 103m 47s
Epoch 19/19
----------
Epoch: 19 Train Loss: 0.0421 Acc: 0.9860
Epoch: 19 Val Loss: 0.2288 Acc: 0.9455
Training complete in 110m 22s
Training data saved to output_ResNet_28x28_training_data.csv
