data/
data/._.DS_Store
data/.DS_Store
data/pathmnist.npz
data/._pathmnist_224.npz
data/pathmnist_224.npz
Epoch 0/19
----------
Epoch: 0 Train Loss: 0.7118 Acc: 0.7367
Epoch: 0 Val Loss: 0.4620 Acc: 0.8405
Training complete in 2m 6s
Epoch 1/19
----------
Epoch: 1 Train Loss: 0.3588 Acc: 0.8759
Epoch: 1 Val Loss: 0.4957 Acc: 0.8251
Training complete in 4m 13s
Epoch 2/19
----------
Epoch: 2 Train Loss: 0.2328 Acc: 0.9226
Epoch: 2 Val Loss: 0.4621 Acc: 0.8503
Training complete in 6m 18s
Epoch 3/19
----------
Epoch: 3 Train Loss: 0.1549 Acc: 0.9539
Epoch: 3 Val Loss: 0.5214 Acc: 0.8649
Training complete in 8m 26s
Epoch 4/19
----------
Epoch: 4 Train Loss: 0.1087 Acc: 0.9671
Epoch: 4 Val Loss: 0.6410 Acc: 0.8587
Training complete in 10m 37s
Epoch 5/19
----------
Epoch: 5 Train Loss: 0.0941 Acc: 0.9722
Epoch: 5 Val Loss: 0.6513 Acc: 0.8602
Training complete in 12m 51s
Epoch 6/19
----------
Epoch: 6 Train Loss: 0.0939 Acc: 0.9745
Epoch: 6 Val Loss: 0.7873 Acc: 0.8473
Training complete in 15m 4s
Epoch 7/19
----------
Epoch: 7 Train Loss: 0.0675 Acc: 0.9813
Epoch: 7 Val Loss: 1.1588 Acc: 0.8334
Training complete in 17m 19s
Epoch 8/19
----------
Epoch: 8 Train Loss: 0.0717 Acc: 0.9815
Epoch: 8 Val Loss: 0.8629 Acc: 0.8419
Training complete in 19m 37s
Epoch 9/19
----------
Epoch: 9 Train Loss: 0.0619 Acc: 0.9846
Epoch: 9 Val Loss: 0.9283 Acc: 0.8547
Training complete in 21m 50s
Epoch 10/19
----------
Epoch: 10 Train Loss: 0.0561 Acc: 0.9856
Epoch: 10 Val Loss: 1.0131 Acc: 0.8499
Training complete in 24m 9s
Epoch 11/19
----------
Epoch: 11 Train Loss: 0.0624 Acc: 0.9855
Epoch: 11 Val Loss: 0.9378 Acc: 0.8448
Training complete in 26m 26s
Epoch 12/19
----------
Epoch: 12 Train Loss: 0.0512 Acc: 0.9873
Epoch: 12 Val Loss: 0.9932 Acc: 0.8488
Training complete in 28m 40s
Epoch 13/19
----------
Epoch: 13 Train Loss: 0.0699 Acc: 0.9866
Epoch: 13 Val Loss: 1.0836 Acc: 0.8420
Training complete in 30m 42s
Epoch 14/19
----------
Epoch: 14 Train Loss: 0.0574 Acc: 0.9874
Epoch: 14 Val Loss: 0.8910 Acc: 0.8542
Training complete in 32m 41s
Epoch 15/19
----------
Epoch: 15 Train Loss: 0.0772 Acc: 0.9880
Epoch: 15 Val Loss: 1.0978 Acc: 0.8476
Training complete in 34m 36s
Epoch 16/19
----------
Epoch: 16 Train Loss: 0.0560 Acc: 0.9882
Epoch: 16 Val Loss: 1.2548 Acc: 0.8437
Training complete in 36m 22s
Epoch 17/19
----------
Epoch: 17 Train Loss: 0.0459 Acc: 0.9903
Epoch: 17 Val Loss: 1.1537 Acc: 0.8499
Training complete in 38m 15s
Epoch 18/19
----------
Epoch: 18 Train Loss: 0.0504 Acc: 0.9891
Epoch: 18 Val Loss: 1.0342 Acc: 0.8377
Training complete in 39m 56s
Epoch 19/19
----------
Epoch: 19 Train Loss: 0.0561 Acc: 0.9897
Epoch: 19 Val Loss: 2.0022 Acc: 0.7890
Training complete in 41m 33s
Training data saved to output_LeNet_224x224_training_data.csv
