data/
data/._.DS_Store
data/.DS_Store
data/pathmnist.npz
data/._pathmnist_224.npz
data/pathmnist_224.npz
Epoch 0/19
----------
Epoch: 0 Train Loss: 1.1434 Acc: 0.5619
Epoch: 0 Val Loss: 0.9182 Acc: 0.6459
Training complete in 1m 33s
Epoch 1/19
----------
Epoch: 1 Train Loss: 0.8125 Acc: 0.6996
Epoch: 1 Val Loss: 0.8344 Acc: 0.6934
Training complete in 3m 13s
Epoch 2/19
----------
Epoch: 2 Train Loss: 0.7283 Acc: 0.7320
Epoch: 2 Val Loss: 0.7177 Acc: 0.7334
Training complete in 4m 51s
Epoch 3/19
----------
Epoch: 3 Train Loss: 0.6809 Acc: 0.7505
Epoch: 3 Val Loss: 0.6415 Acc: 0.7607
Training complete in 6m 27s
Epoch 4/19
----------
Epoch: 4 Train Loss: 0.6354 Acc: 0.7668
Epoch: 4 Val Loss: 0.6528 Acc: 0.7625
Training complete in 7m 57s
Epoch 5/19
----------
Epoch: 5 Train Loss: 0.5984 Acc: 0.7784
Epoch: 5 Val Loss: 0.5694 Acc: 0.7918
Training complete in 9m 25s
Epoch 6/19
----------
Epoch: 6 Train Loss: 0.5718 Acc: 0.7890
Epoch: 6 Val Loss: 0.6078 Acc: 0.7778
Training complete in 10m 55s
Epoch 7/19
----------
Epoch: 7 Train Loss: 0.5558 Acc: 0.7948
Epoch: 7 Val Loss: 0.6134 Acc: 0.7748
Training complete in 12m 20s
Epoch 8/19
----------
Epoch: 8 Train Loss: 0.5419 Acc: 0.7997
Epoch: 8 Val Loss: 0.6906 Acc: 0.7475
Training complete in 13m 48s
Epoch 9/19
----------
Epoch: 9 Train Loss: 0.5268 Acc: 0.8051
Epoch: 9 Val Loss: 0.5743 Acc: 0.7873
Training complete in 15m 15s
Epoch 10/19
----------
Epoch: 10 Train Loss: 0.5176 Acc: 0.8091
Epoch: 10 Val Loss: 0.5433 Acc: 0.8039
Training complete in 16m 41s
Epoch 11/19
----------
Epoch: 11 Train Loss: 0.5055 Acc: 0.8128
Epoch: 11 Val Loss: 0.5168 Acc: 0.8099
Training complete in 18m 9s
Epoch 12/19
----------
Epoch: 12 Train Loss: 0.4973 Acc: 0.8155
Epoch: 12 Val Loss: 0.6235 Acc: 0.7834
Training complete in 19m 39s
Epoch 13/19
----------
Epoch: 13 Train Loss: 0.4887 Acc: 0.8181
Epoch: 13 Val Loss: 0.5834 Acc: 0.7874
Training complete in 21m 9s
Epoch 14/19
----------
Epoch: 14 Train Loss: 0.4926 Acc: 0.8209
Epoch: 14 Val Loss: 0.5792 Acc: 0.7895
Training complete in 22m 33s
Epoch 15/19
----------
Epoch: 15 Train Loss: 0.4797 Acc: 0.8233
Epoch: 15 Val Loss: 0.5198 Acc: 0.8122
Training complete in 24m 5s
Epoch 16/19
----------
Epoch: 16 Train Loss: 0.4773 Acc: 0.8249
Epoch: 16 Val Loss: 0.5096 Acc: 0.8157
Training complete in 25m 33s
Epoch 17/19
----------
Epoch: 17 Train Loss: 0.4706 Acc: 0.8254
Epoch: 17 Val Loss: 0.5516 Acc: 0.8037
Training complete in 27m 2s
Epoch 18/19
----------
Epoch: 18 Train Loss: 0.4690 Acc: 0.8279
Epoch: 18 Val Loss: 0.5558 Acc: 0.7954
Training complete in 28m 35s
Epoch 19/19
----------
Epoch: 19 Train Loss: 0.4631 Acc: 0.8297
Epoch: 19 Val Loss: 0.6015 Acc: 0.7850
Training complete in 30m 9s
Training data saved to output_LeNet_28x28_training_data.csv
