data/
data/._.DS_Store
data/.DS_Store
data/pathmnist.npz
data/._pathmnist_224.npz
data/pathmnist_224.npz
Epoch 0/19
----------
Epoch: 0 Train Loss: 0.7144 Acc: 0.7354
Epoch: 0 Val Loss: 0.4314 Acc: 0.8516
Training complete in 1m 58s
Epoch 1/19
----------
Epoch: 1 Train Loss: 0.3683 Acc: 0.8715
Epoch: 1 Val Loss: 0.3578 Acc: 0.8769
Training complete in 3m 59s
Epoch 2/19
----------
Epoch: 2 Train Loss: 0.2146 Acc: 0.9276
Epoch: 2 Val Loss: 0.4793 Acc: 0.8475
Training complete in 5m 55s
Epoch 3/19
----------
Epoch: 3 Train Loss: 0.1367 Acc: 0.9560
Epoch: 3 Val Loss: 0.5957 Acc: 0.8508
Training complete in 7m 56s
Epoch 4/19
----------
Epoch: 4 Train Loss: 0.0988 Acc: 0.9700
Epoch: 4 Val Loss: 0.7624 Acc: 0.8459
Training complete in 10m 4s
Epoch 5/19
----------
Epoch: 5 Train Loss: 0.0786 Acc: 0.9762
Epoch: 5 Val Loss: 0.6918 Acc: 0.8684
Training complete in 12m 22s
Epoch 6/19
----------
Epoch: 6 Train Loss: 0.0737 Acc: 0.9796
Epoch: 6 Val Loss: 0.6312 Acc: 0.8705
Training complete in 14m 23s
Epoch 7/19
----------
Epoch: 7 Train Loss: 0.0589 Acc: 0.9835
Epoch: 7 Val Loss: 0.7671 Acc: 0.8624
Training complete in 16m 30s
Epoch 8/19
----------
Epoch: 8 Train Loss: 0.0543 Acc: 0.9845
Epoch: 8 Val Loss: 0.6848 Acc: 0.8682
Training complete in 18m 30s
Epoch 9/19
----------
Epoch: 9 Train Loss: 0.0538 Acc: 0.9858
Epoch: 9 Val Loss: 0.8049 Acc: 0.8653
Training complete in 20m 31s
Epoch 10/19
----------
Epoch: 10 Train Loss: 0.0477 Acc: 0.9880
Epoch: 10 Val Loss: 1.1945 Acc: 0.8231
Training complete in 22m 34s
Epoch 11/19
----------
Epoch: 11 Train Loss: 0.0445 Acc: 0.9887
Epoch: 11 Val Loss: 0.9490 Acc: 0.8503
Training complete in 24m 33s
Epoch 12/19
----------
Epoch: 12 Train Loss: 0.0495 Acc: 0.9875
Epoch: 12 Val Loss: 0.8546 Acc: 0.8645
Training complete in 26m 34s
Epoch 13/19
----------
Epoch: 13 Train Loss: 0.0540 Acc: 0.9886
Epoch: 13 Val Loss: 1.1055 Acc: 0.8545
Training complete in 28m 36s
Epoch 14/19
----------
Epoch: 14 Train Loss: 0.0488 Acc: 0.9897
Epoch: 14 Val Loss: 0.9371 Acc: 0.8620
Training complete in 30m 41s
Epoch 15/19
----------
Epoch: 15 Train Loss: 0.0472 Acc: 0.9896
Epoch: 15 Val Loss: 1.2037 Acc: 0.8335
Training complete in 32m 44s
Epoch 16/19
----------
Epoch: 16 Train Loss: 0.0496 Acc: 0.9898
Epoch: 16 Val Loss: 1.0036 Acc: 0.8549
Training complete in 34m 46s
Epoch 17/19
----------
Epoch: 17 Train Loss: 0.0444 Acc: 0.9903
Epoch: 17 Val Loss: 1.1314 Acc: 0.8503
Training complete in 36m 49s
Epoch 18/19
----------
Epoch: 18 Train Loss: 0.0376 Acc: 0.9916
Epoch: 18 Val Loss: 1.1166 Acc: 0.8558
Training complete in 38m 52s
Epoch 19/19
----------
Epoch: 19 Train Loss: 0.0465 Acc: 0.9909
Epoch: 19 Val Loss: 0.9465 Acc: 0.8584
Training complete in 41m 0s
Training data saved to output_LeNet_224x224_SE_training_data.csv
