data/
data/._.DS_Store
data/.DS_Store
data/pathmnist.npz
data/._pathmnist_224.npz
data/pathmnist_224.npz
Epoch 0/19
----------
Epoch: 0 Train Loss: 1.1387 Acc: 0.5645
Epoch: 0 Val Loss: 0.9009 Acc: 0.6674
Training complete in 1m 20s
Epoch 1/19
----------
Epoch: 1 Train Loss: 0.7900 Acc: 0.7034
Epoch: 1 Val Loss: 0.7408 Acc: 0.7128
Training complete in 2m 43s
Epoch 2/19
----------
Epoch: 2 Train Loss: 0.6981 Acc: 0.7362
Epoch: 2 Val Loss: 0.6595 Acc: 0.7430
Training complete in 3m 60s
Epoch 3/19
----------
Epoch: 3 Train Loss: 0.6434 Acc: 0.7576
Epoch: 3 Val Loss: 0.6521 Acc: 0.7539
Training complete in 5m 15s
Epoch 4/19
----------
Epoch: 4 Train Loss: 0.6053 Acc: 0.7726
Epoch: 4 Val Loss: 0.6233 Acc: 0.7638
Training complete in 6m 24s
Epoch 5/19
----------
Epoch: 5 Train Loss: 0.5756 Acc: 0.7860
Epoch: 5 Val Loss: 0.6123 Acc: 0.7726
Training complete in 7m 30s
Epoch 6/19
----------
Epoch: 6 Train Loss: 0.5498 Acc: 0.7939
Epoch: 6 Val Loss: 0.5752 Acc: 0.7896
Training complete in 8m 37s
Epoch 7/19
----------
Epoch: 7 Train Loss: 0.5270 Acc: 0.8037
Epoch: 7 Val Loss: 0.5957 Acc: 0.7838
Training complete in 9m 43s
Epoch 8/19
----------
Epoch: 8 Train Loss: 0.5096 Acc: 0.8104
Epoch: 8 Val Loss: 0.5147 Acc: 0.8107
Training complete in 10m 52s
Epoch 9/19
----------
Epoch: 9 Train Loss: 0.4919 Acc: 0.8171
Epoch: 9 Val Loss: 0.5065 Acc: 0.8122
Training complete in 12m 0s
Epoch 10/19
----------
Epoch: 10 Train Loss: 0.4756 Acc: 0.8228
Epoch: 10 Val Loss: 0.5376 Acc: 0.8057
Training complete in 13m 12s
Epoch 11/19
----------
Epoch: 11 Train Loss: 0.4690 Acc: 0.8256
Epoch: 11 Val Loss: 0.5536 Acc: 0.8008
Training complete in 14m 23s
Epoch 12/19
----------
Epoch: 12 Train Loss: 0.4490 Acc: 0.8342
Epoch: 12 Val Loss: 0.5701 Acc: 0.7978
Training complete in 15m 35s
Epoch 13/19
----------
Epoch: 13 Train Loss: 0.4450 Acc: 0.8363
Epoch: 13 Val Loss: 0.4761 Acc: 0.8308
Training complete in 16m 45s
Epoch 14/19
----------
Epoch: 14 Train Loss: 0.4324 Acc: 0.8406
Epoch: 14 Val Loss: 0.5126 Acc: 0.8135
Training complete in 17m 55s
Epoch 15/19
----------
Epoch: 15 Train Loss: 0.4274 Acc: 0.8435
Epoch: 15 Val Loss: 0.4983 Acc: 0.8184
Training complete in 19m 2s
Epoch 16/19
----------
Epoch: 16 Train Loss: 0.4169 Acc: 0.8456
Epoch: 16 Val Loss: 0.5218 Acc: 0.8149
Training complete in 20m 8s
Epoch 17/19
----------
Epoch: 17 Train Loss: 0.4100 Acc: 0.8480
Epoch: 17 Val Loss: 0.4769 Acc: 0.8353
Training complete in 21m 13s
Epoch 18/19
----------
Epoch: 18 Train Loss: 0.4023 Acc: 0.8508
Epoch: 18 Val Loss: 0.4830 Acc: 0.8302
Training complete in 22m 17s
Epoch 19/19
----------
Epoch: 19 Train Loss: 0.3935 Acc: 0.8538
Epoch: 19 Val Loss: 0.4654 Acc: 0.8349
Training complete in 23m 26s
Training data saved to output_LeNet_28x28_SE_training_data.csv
